<?xml version="1.0" encoding="UTF-8"?>
<testsuite xmlns:xsi="http://www.w3.org/2001/XMLSchema-instance" xsi:noNamespaceSchemaLocation="https://maven.apache.org/surefire/maven-surefire-plugin/xsd/surefire-test-report.xsd" name="imageprocessing.AppTest" time="0.036" tests="1" errors="0" skipped="0" failures="0">
  <properties>
    <property name="java.specification.version" value="20"/>
    <property name="sun.cpu.isalist" value="amd64"/>
    <property name="sun.jnu.encoding" value="Cp1252"/>
    <property name="java.class.path" value="C:\Users\Mehdi Belghiti\Downloads\tp-image\tp-image\target\test-classes;C:\Users\Mehdi Belghiti\Downloads\tp-image\tp-image\target\classes;C:\Users\Mehdi Belghiti\.m2\repository\junit\junit\4.11\junit-4.11.jar;C:\Users\Mehdi Belghiti\.m2\repository\org\hamcrest\hamcrest-core\1.3\hamcrest-core-1.3.jar;C:\Users\Mehdi Belghiti\.m2\repository\org\boofcv\boofcv-core\1.1.7\boofcv-core-1.1.7.jar;C:\Users\Mehdi Belghiti\.m2\repository\org\georegression\georegression\0.27.3\georegression-0.27.3.jar;C:\Users\Mehdi Belghiti\.m2\repository\org\ddogleg\ddogleg\0.23.4\ddogleg-0.23.4.jar;C:\Users\Mehdi Belghiti\.m2\repository\org\ejml\ejml-core\0.43.1\ejml-core-0.43.1.jar;C:\Users\Mehdi Belghiti\.m2\repository\org\ejml\ejml-fdense\0.43.1\ejml-fdense-0.43.1.jar;C:\Users\Mehdi Belghiti\.m2\repository\org\ejml\ejml-ddense\0.43.1\ejml-ddense-0.43.1.jar;C:\Users\Mehdi Belghiti\.m2\repository\org\ejml\ejml-simple\0.43.1\ejml-simple-0.43.1.jar;C:\Users\Mehdi Belghiti\.m2\repository\org\ejml\ejml-cdense\0.43.1\ejml-cdense-0.43.1.jar;C:\Users\Mehdi Belghiti\.m2\repository\org\ejml\ejml-zdense\0.43.1\ejml-zdense-0.43.1.jar;C:\Users\Mehdi Belghiti\.m2\repository\org\ejml\ejml-fsparse\0.43.1\ejml-fsparse-0.43.1.jar;C:\Users\Mehdi Belghiti\.m2\repository\org\ejml\ejml-dsparse\0.43.1\ejml-dsparse-0.43.1.jar;C:\Users\Mehdi Belghiti\.m2\repository\net\sf\trove4j\trove4j\3.0.3\trove4j-3.0.3.jar;C:\Users\Mehdi Belghiti\.m2\repository\org\boofcv\boofcv-feature\1.1.7\boofcv-feature-1.1.7.jar;C:\Users\Mehdi Belghiti\.m2\repository\org\boofcv\boofcv-geo\1.1.7\boofcv-geo-1.1.7.jar;C:\Users\Mehdi Belghiti\.m2\repository\org\boofcv\boofcv-io\1.1.7\boofcv-io-1.1.7.jar;C:\Users\Mehdi Belghiti\.m2\repository\org\yaml\snakeyaml\2.2\snakeyaml-2.2.jar;C:\Users\Mehdi Belghiti\.m2\repository\commons-io\commons-io\2.16.1\commons-io-2.16.1.jar;C:\Users\Mehdi Belghiti\.m2\repository\org\boofcv\boofcv-ip\1.1.7\boofcv-ip-1.1.7.jar;C:\Users\Mehdi Belghiti\.m2\repository\org\boofcv\boofcv-ip-multiview\1.1.7\boofcv-ip-multiview-1.1.7.jar;C:\Users\Mehdi Belghiti\.m2\repository\org\boofcv\boofcv-learning\1.1.7\boofcv-learning-1.1.7.jar;C:\Users\Mehdi Belghiti\.m2\repository\org\boofcv\boofcv-recognition\1.1.7\boofcv-recognition-1.1.7.jar;C:\Users\Mehdi Belghiti\.m2\repository\org\deepboof\main\0.5.2\main-0.5.2.jar;C:\Users\Mehdi Belghiti\.m2\repository\org\deepboof\models\0.5.2\models-0.5.2.jar;C:\Users\Mehdi Belghiti\.m2\repository\org\deepboof\learning\0.5.2\learning-0.5.2.jar;C:\Users\Mehdi Belghiti\.m2\repository\org\deepboof\io\0.5.2\io-0.5.2.jar;C:\Users\Mehdi Belghiti\.m2\repository\com\google\protobuf\protobuf-java\3.23.2\protobuf-java-3.23.2.jar;C:\Users\Mehdi Belghiti\.m2\repository\org\rauschig\jarchivelib\1.2.0\jarchivelib-1.2.0.jar;C:\Users\Mehdi Belghiti\.m2\repository\org\apache\commons\commons-compress\1.21\commons-compress-1.21.jar;C:\Users\Mehdi Belghiti\.m2\repository\net\lingala\zip4j\zip4j\2.11.5\zip4j-2.11.5.jar;C:\Users\Mehdi Belghiti\.m2\repository\org\boofcv\boofcv-reconstruction\1.1.7\boofcv-reconstruction-1.1.7.jar;C:\Users\Mehdi Belghiti\.m2\repository\org\boofcv\boofcv-sfm\1.1.7\boofcv-sfm-1.1.7.jar;C:\Users\Mehdi Belghiti\.m2\repository\org\boofcv\boofcv-types\1.1.7\boofcv-types-1.1.7.jar;"/>
    <property name="java.vm.vendor" value="Oracle Corporation"/>
    <property name="sun.arch.data.model" value="64"/>
    <property name="user.variant" value=""/>
    <property name="java.vendor.url" value="https://java.oracle.com/"/>
    <property name="user.timezone" value="Africa/Casablanca"/>
    <property name="os.name" value="Windows 11"/>
    <property name="java.vm.specification.version" value="20"/>
    <property name="sun.java.launcher" value="SUN_STANDARD"/>
    <property name="user.country" value="US"/>
    <property name="sun.boot.library.path" value="C:\Program Files\Java\jdk-20\bin"/>
    <property name="sun.java.command" value="C:\Users\MEHDIB~1\AppData\Local\Temp\surefire3214854389229572328\surefirebooter9347235283834535993.jar C:\Users\Mehdi Belghiti\AppData\Local\Temp\surefire3214854389229572328 2025-02-15T09-59-22_805-jvmRun1 surefire3406709471893720196tmp surefire_09170217922611430811tmp"/>
    <property name="jdk.debug" value="release"/>
    <property name="surefire.test.class.path" value="C:\Users\Mehdi Belghiti\Downloads\tp-image\tp-image\target\test-classes;C:\Users\Mehdi Belghiti\Downloads\tp-image\tp-image\target\classes;C:\Users\Mehdi Belghiti\.m2\repository\junit\junit\4.11\junit-4.11.jar;C:\Users\Mehdi Belghiti\.m2\repository\org\hamcrest\hamcrest-core\1.3\hamcrest-core-1.3.jar;C:\Users\Mehdi Belghiti\.m2\repository\org\boofcv\boofcv-core\1.1.7\boofcv-core-1.1.7.jar;C:\Users\Mehdi Belghiti\.m2\repository\org\georegression\georegression\0.27.3\georegression-0.27.3.jar;C:\Users\Mehdi Belghiti\.m2\repository\org\ddogleg\ddogleg\0.23.4\ddogleg-0.23.4.jar;C:\Users\Mehdi Belghiti\.m2\repository\org\ejml\ejml-core\0.43.1\ejml-core-0.43.1.jar;C:\Users\Mehdi Belghiti\.m2\repository\org\ejml\ejml-fdense\0.43.1\ejml-fdense-0.43.1.jar;C:\Users\Mehdi Belghiti\.m2\repository\org\ejml\ejml-ddense\0.43.1\ejml-ddense-0.43.1.jar;C:\Users\Mehdi Belghiti\.m2\repository\org\ejml\ejml-simple\0.43.1\ejml-simple-0.43.1.jar;C:\Users\Mehdi Belghiti\.m2\repository\org\ejml\ejml-cdense\0.43.1\ejml-cdense-0.43.1.jar;C:\Users\Mehdi Belghiti\.m2\repository\org\ejml\ejml-zdense\0.43.1\ejml-zdense-0.43.1.jar;C:\Users\Mehdi Belghiti\.m2\repository\org\ejml\ejml-fsparse\0.43.1\ejml-fsparse-0.43.1.jar;C:\Users\Mehdi Belghiti\.m2\repository\org\ejml\ejml-dsparse\0.43.1\ejml-dsparse-0.43.1.jar;C:\Users\Mehdi Belghiti\.m2\repository\net\sf\trove4j\trove4j\3.0.3\trove4j-3.0.3.jar;C:\Users\Mehdi Belghiti\.m2\repository\org\boofcv\boofcv-feature\1.1.7\boofcv-feature-1.1.7.jar;C:\Users\Mehdi Belghiti\.m2\repository\org\boofcv\boofcv-geo\1.1.7\boofcv-geo-1.1.7.jar;C:\Users\Mehdi Belghiti\.m2\repository\org\boofcv\boofcv-io\1.1.7\boofcv-io-1.1.7.jar;C:\Users\Mehdi Belghiti\.m2\repository\org\yaml\snakeyaml\2.2\snakeyaml-2.2.jar;C:\Users\Mehdi Belghiti\.m2\repository\commons-io\commons-io\2.16.1\commons-io-2.16.1.jar;C:\Users\Mehdi Belghiti\.m2\repository\org\boofcv\boofcv-ip\1.1.7\boofcv-ip-1.1.7.jar;C:\Users\Mehdi Belghiti\.m2\repository\org\boofcv\boofcv-ip-multiview\1.1.7\boofcv-ip-multiview-1.1.7.jar;C:\Users\Mehdi Belghiti\.m2\repository\org\boofcv\boofcv-learning\1.1.7\boofcv-learning-1.1.7.jar;C:\Users\Mehdi Belghiti\.m2\repository\org\boofcv\boofcv-recognition\1.1.7\boofcv-recognition-1.1.7.jar;C:\Users\Mehdi Belghiti\.m2\repository\org\deepboof\main\0.5.2\main-0.5.2.jar;C:\Users\Mehdi Belghiti\.m2\repository\org\deepboof\models\0.5.2\models-0.5.2.jar;C:\Users\Mehdi Belghiti\.m2\repository\org\deepboof\learning\0.5.2\learning-0.5.2.jar;C:\Users\Mehdi Belghiti\.m2\repository\org\deepboof\io\0.5.2\io-0.5.2.jar;C:\Users\Mehdi Belghiti\.m2\repository\com\google\protobuf\protobuf-java\3.23.2\protobuf-java-3.23.2.jar;C:\Users\Mehdi Belghiti\.m2\repository\org\rauschig\jarchivelib\1.2.0\jarchivelib-1.2.0.jar;C:\Users\Mehdi Belghiti\.m2\repository\org\apache\commons\commons-compress\1.21\commons-compress-1.21.jar;C:\Users\Mehdi Belghiti\.m2\repository\net\lingala\zip4j\zip4j\2.11.5\zip4j-2.11.5.jar;C:\Users\Mehdi Belghiti\.m2\repository\org\boofcv\boofcv-reconstruction\1.1.7\boofcv-reconstruction-1.1.7.jar;C:\Users\Mehdi Belghiti\.m2\repository\org\boofcv\boofcv-sfm\1.1.7\boofcv-sfm-1.1.7.jar;C:\Users\Mehdi Belghiti\.m2\repository\org\boofcv\boofcv-types\1.1.7\boofcv-types-1.1.7.jar;"/>
    <property name="sun.cpu.endian" value="little"/>
    <property name="user.home" value="C:\Users\Mehdi Belghiti"/>
    <property name="user.language" value="en"/>
    <property name="java.specification.vendor" value="Oracle Corporation"/>
    <property name="java.version.date" value="2023-07-18"/>
    <property name="java.home" value="C:\Program Files\Java\jdk-20"/>
    <property name="file.separator" value="\"/>
    <property name="basedir" value="C:\Users\Mehdi Belghiti\Downloads\tp-image\tp-image"/>
    <property name="java.vm.compressedOopsMode" value="Zero based"/>
    <property name="line.separator" value="&#10;"/>
    <property name="java.vm.specification.vendor" value="Oracle Corporation"/>
    <property name="java.specification.name" value="Java Platform API Specification"/>
    <property name="surefire.real.class.path" value="C:\Users\MEHDIB~1\AppData\Local\Temp\surefire3214854389229572328\surefirebooter9347235283834535993.jar"/>
    <property name="user.script" value=""/>
    <property name="sun.management.compiler" value="HotSpot 64-Bit Tiered Compilers"/>
    <property name="java.runtime.version" value="20.0.2+9-78"/>
    <property name="user.name" value="Mehdi Belghiti"/>
    <property name="stdout.encoding" value="Cp1252"/>
    <property name="path.separator" value=";"/>
    <property name="os.version" value="10.0"/>
    <property name="java.runtime.name" value="Java(TM) SE Runtime Environment"/>
    <property name="file.encoding" value="UTF-8"/>
    <property name="java.vm.name" value="Java HotSpot(TM) 64-Bit Server VM"/>
    <property name="localRepository" value="C:\Users\Mehdi Belghiti\.m2\repository"/>
    <property name="java.vendor.url.bug" value="https://bugreport.java.com/bugreport/"/>
    <property name="java.io.tmpdir" value="C:\Users\MEHDIB~1\AppData\Local\Temp\"/>
    <property name="java.version" value="20.0.2"/>
    <property name="user.dir" value="C:\Users\Mehdi Belghiti\Downloads\tp-image\tp-image"/>
    <property name="os.arch" value="amd64"/>
    <property name="java.vm.specification.name" value="Java Virtual Machine Specification"/>
    <property name="sun.os.patch.level" value=""/>
    <property name="native.encoding" value="Cp1252"/>
    <property name="java.library.path" value="C:\Program Files\Java\jdk-20\bin;C:\WINDOWS\Sun\Java\bin;C:\WINDOWS\system32;C:\WINDOWS;C:\Program Files (x86)\VMware\VMware Workstation\bin\;C:\Program Files\Common Files\Oracle\Java\javapath;C:\WINDOWS\system32;C:\WINDOWS;C:\WINDOWS\System32\Wbem;C:\WINDOWS\System32\WindowsPowerShell\v1.0\;C:\WINDOWS\System32\OpenSSH\;C:\Program Files\Git\cmd;C:\nvm;C:\Program Files\nodejs;C:\Program Files\Java\jdk-20\bin;C:\;;C:\Program Files\PuTTY\;C:\Program Files\Docker\Docker\resources\bin;C:\Users\Mehdi Belghiti\scoop\shims;C:\Program Files\MySQL\MySQL Shell 8.0\bin\;C:\Users\Mehdi Belghiti\AppData\Local\Microsoft\WindowsApps;C:\nvm;C:\Program Files\nodejs;C:\Users\Mehdi Belghiti\AppData\Local\Programs\Microsoft VS Code\bin;C:\Program Files\JetBrains\IntelliJ IDEA 2023.2.1\bin;C:\Program Files\JetBrains\IntelliJ IDEA Community Edition 2023.2.1\bin;C:\Users\Mehdi Belghiti\AppData\Local\GitHubDesktop\bin;C:\Users\Mehdi Belghiti\AppData\Local\Programs\Fiddler;C:\Program Files\Redis;;c:\Users\Mehdi Belghiti\AppData\Roaming\Code\User\globalStorage\github.copilot-chat\debugCommand;."/>
    <property name="java.vm.info" value="mixed mode, sharing"/>
    <property name="stderr.encoding" value="Cp1252"/>
    <property name="java.vendor" value="Oracle Corporation"/>
    <property name="java.vm.version" value="20.0.2+9-78"/>
    <property name="sun.io.unicode.encoding" value="UnicodeLittle"/>
    <property name="java.class.version" value="64.0"/>
  </properties>
  <testcase name="shouldAnswerWithTrue" classname="imageprocessing.AppTest" time="0.003"/>
</testsuite>